2017-07-21 8:02:41 - PHP Notice:  Undefined property: Template\PHP::$config in C:\xampp\htdocs\mystonestore\catalog\view\theme\mystonestore\template\common\footer.tpl on line 9
2017-07-21 8:03:21 - PHP Notice:  Undefined variable: address in C:\xampp\htdocs\mystonestore\catalog\view\theme\mystonestore\template\common\footer.tpl on line 9
2017-07-21 8:03:21 - PHP Notice:  Undefined variable: telephone in C:\xampp\htdocs\mystonestore\catalog\view\theme\mystonestore\template\common\footer.tpl on line 15
2017-07-21 8:04:02 - PHP Notice:  Undefined variable: address in C:\xampp\htdocs\mystonestore\catalog\view\theme\mystonestore\template\common\footer.tpl on line 9
2017-07-21 8:04:02 - PHP Notice:  Undefined variable: telephone in C:\xampp\htdocs\mystonestore\catalog\view\theme\mystonestore\template\common\footer.tpl on line 15
2017-07-21 8:04:57 - PHP Notice:  Undefined variable: address in C:\xampp\htdocs\mystonestore\catalog\view\theme\mystonestore\template\common\footer.tpl on line 9
2017-07-21 8:04:57 - PHP Notice:  Undefined variable: telephone in C:\xampp\htdocs\mystonestore\catalog\view\theme\mystonestore\template\common\footer.tpl on line 15
2017-07-28 5:00:35 - PHP Notice:  Undefined variable: class in /home/nmeximco/public_html/preview/mystorestone/catalog/view/theme/mystonestore/template/product/category.tpl on line 3
2017-07-28 5:06:55 - PHP Notice:  Undefined variable: class in /home/nmeximco/public_html/preview/mystorestone/catalog/view/theme/mystonestore/template/product/category.tpl on line 4
2017-07-28 5:08:06 - PHP Notice:  Undefined variable: class in /home/nmeximco/public_html/preview/mystorestone/catalog/view/theme/mystonestore/template/product/category.tpl on line 4
2017-07-28 5:30:44 - PHP Notice:  Undefined variable: class in /home/nmeximco/public_html/preview/mystorestone/catalog/view/theme/mystonestore/template/product/category.tpl on line 4
2017-07-28 5:33:27 - PHP Notice:  Undefined variable: class in /home/nmeximco/public_html/preview/mystorestone/catalog/view/theme/mystonestore/template/product/category.tpl on line 4
2017-07-28 5:33:34 - PHP Notice:  Undefined variable: image in /home/nmeximco/public_html/preview/mystorestone/catalog/controller/product/search.php on line 249
2017-07-28 5:33:59 - PHP Notice:  Undefined variable: image in /home/nmeximco/public_html/preview/mystorestone/catalog/controller/product/search.php on line 249
2017-07-28 5:35:29 - PHP Notice:  Undefined variable: class in /home/nmeximco/public_html/preview/mystorestone/catalog/view/theme/mystonestore/template/product/category.tpl on line 4
2017-07-28 6:03:55 - PHP Notice:  Undefined variable: class in /home/nmeximco/public_html/preview/mystorestone/catalog/view/theme/mystonestore/template/product/category.tpl on line 4
2017-07-28 6:08:10 - PHP Notice:  Undefined variable: class in /home/nmeximco/public_html/preview/mystorestone/catalog/view/theme/mystonestore/template/product/category.tpl on line 4
2017-07-28 6:26:01 - PHP Notice:  Undefined variable: class in /home/nmeximco/public_html/preview/mystorestone/catalog/view/theme/mystonestore/template/product/category.tpl on line 4
2017-07-28 6:32:47 - PHP Notice:  Undefined variable: class in /home/nmeximco/public_html/preview/mystorestone/catalog/view/theme/mystonestore/template/product/category.tpl on line 4
2017-07-28 6:33:59 - PHP Notice:  Undefined variable: class in /home/nmeximco/public_html/preview/mystorestone/catalog/view/theme/mystonestore/template/product/category.tpl on line 4
2017-07-28 6:34:13 - PHP Notice:  Undefined variable: class in /home/nmeximco/public_html/preview/mystorestone/catalog/view/theme/mystonestore/template/product/category.tpl on line 4
2017-07-28 6:34:58 - PHP Notice:  Undefined variable: class in /home/nmeximco/public_html/preview/mystorestone/catalog/view/theme/mystonestore/template/product/category.tpl on line 4
2017-07-28 6:35:40 - PHP Notice:  Undefined variable: class in /home/nmeximco/public_html/preview/mystorestone/catalog/view/theme/mystonestore/template/product/category.tpl on line 4
2017-07-28 6:36:04 - PHP Notice:  Undefined variable: class in /home/nmeximco/public_html/preview/mystorestone/catalog/view/theme/mystonestore/template/product/category.tpl on line 4
2017-07-28 6:36:32 - PHP Notice:  Undefined variable: class in /home/nmeximco/public_html/preview/mystorestone/catalog/view/theme/mystonestore/template/product/category.tpl on line 4
2017-07-28 6:41:31 - PHP Notice:  Undefined variable: class in /home/nmeximco/public_html/preview/mystorestone/catalog/view/theme/mystonestore/template/product/category.tpl on line 4
2017-07-28 6:41:50 - PHP Notice:  Undefined variable: class in /home/nmeximco/public_html/preview/mystorestone/catalog/view/theme/mystonestore/template/product/category.tpl on line 4
2017-07-28 6:44:54 - PHP Notice:  Undefined variable: class in /home/nmeximco/public_html/preview/mystorestone/catalog/view/theme/mystonestore/template/product/category.tpl on line 4
2017-07-28 6:45:03 - PHP Notice:  Undefined variable: class in /home/nmeximco/public_html/preview/mystorestone/catalog/view/theme/mystonestore/template/product/category.tpl on line 4
2017-07-28 6:47:17 - PHP Notice:  Undefined variable: class in /home/nmeximco/public_html/preview/mystorestone/catalog/view/theme/mystonestore/template/product/category.tpl on line 4
2017-07-28 6:47:28 - PHP Notice:  Undefined variable: class in /home/nmeximco/public_html/preview/mystorestone/catalog/view/theme/mystonestore/template/product/category.tpl on line 4
2017-07-28 6:47:59 - PHP Notice:  Undefined variable: class in /home/nmeximco/public_html/preview/mystorestone/catalog/view/theme/mystonestore/template/product/category.tpl on line 4
2017-07-28 6:50:01 - PHP Notice:  Undefined variable: class in /home/nmeximco/public_html/preview/mystorestone/catalog/view/theme/mystonestore/template/product/category.tpl on line 4
2017-07-28 6:51:40 - PHP Notice:  Undefined variable: class in /home/nmeximco/public_html/preview/mystorestone/catalog/view/theme/mystonestore/template/product/category.tpl on line 4
2017-07-28 6:52:17 - PHP Notice:  Undefined variable: class in /home/nmeximco/public_html/preview/mystorestone/catalog/view/theme/mystonestore/template/product/category.tpl on line 4
2017-07-28 6:52:33 - PHP Notice:  Undefined variable: class in /home/nmeximco/public_html/preview/mystorestone/catalog/view/theme/mystonestore/template/product/category.tpl on line 4
2017-07-28 6:52:45 - PHP Notice:  Undefined variable: class in /home/nmeximco/public_html/preview/mystorestone/catalog/view/theme/mystonestore/template/product/category.tpl on line 4
2017-07-28 6:53:26 - PHP Notice:  Undefined variable: class in /home/nmeximco/public_html/preview/mystorestone/catalog/view/theme/mystonestore/template/product/category.tpl on line 4
2017-07-28 6:53:52 - PHP Notice:  Undefined variable: class in /home/nmeximco/public_html/preview/mystorestone/catalog/view/theme/mystonestore/template/product/category.tpl on line 4
2017-07-28 6:54:40 - PHP Notice:  Undefined variable: class in /home/nmeximco/public_html/preview/mystorestone/catalog/view/theme/mystonestore/template/product/category.tpl on line 4
2017-07-28 6:54:53 - PHP Notice:  Undefined variable: class in /home/nmeximco/public_html/preview/mystorestone/catalog/view/theme/mystonestore/template/product/category.tpl on line 4
2017-07-28 6:55:48 - PHP Notice:  Undefined variable: class in /home/nmeximco/public_html/preview/mystorestone/catalog/view/theme/mystonestore/template/product/category.tpl on line 4
2017-07-28 6:56:06 - PHP Notice:  Undefined variable: class in /home/nmeximco/public_html/preview/mystorestone/catalog/view/theme/mystonestore/template/product/category.tpl on line 4
2017-07-28 6:56:51 - PHP Notice:  Undefined variable: class in /home/nmeximco/public_html/preview/mystorestone/catalog/view/theme/mystonestore/template/product/category.tpl on line 4
2017-07-28 6:56:55 - PHP Notice:  Undefined variable: class in /home/nmeximco/public_html/preview/mystorestone/catalog/view/theme/mystonestore/template/product/category.tpl on line 4
2017-07-28 7:02:10 - PHP Notice:  Undefined variable: class in /home/nmeximco/public_html/preview/mystorestone/catalog/view/theme/mystonestore/template/product/category.tpl on line 4
2017-07-29 5:25:45 - PHP Notice:  Undefined variable: class in /home/nmeximco/public_html/preview/mystorestone/catalog/view/theme/mystonestore/template/product/category.tpl on line 4
2017-07-29 5:26:15 - PHP Notice:  Undefined variable: class in /home/nmeximco/public_html/preview/mystorestone/catalog/view/theme/mystonestore/template/product/category.tpl on line 4
2017-07-29 5:26:31 - PHP Notice:  Undefined variable: thumb in /home/nmeximco/public_html/preview/mystorestone/catalog/view/theme/mystonestore/template/product/product.tpl on line 24
2017-07-29 5:28:14 - PHP Notice:  Undefined variable: class in /home/nmeximco/public_html/preview/mystorestone/catalog/view/theme/mystonestore/template/product/category.tpl on line 4
2017-07-29 5:48:55 - PHP Notice:  Undefined variable: class in /home/nmeximco/public_html/preview/mystorestone/catalog/view/theme/mystonestore/template/product/category.tpl on line 4
2017-07-29 6:18:30 - PHP Notice:  Undefined variable: class in /home/nmeximco/public_html/preview/mystorestone/catalog/view/theme/mystonestore/template/product/category.tpl on line 4
2017-07-29 6:18:36 - PHP Notice:  Undefined variable: thumb in /home/nmeximco/public_html/preview/mystorestone/catalog/view/theme/mystonestore/template/product/product.tpl on line 24
2017-07-29 6:21:31 - PHP Notice:  Undefined variable: thumb in /home/nmeximco/public_html/preview/mystorestone/catalog/view/theme/mystonestore/template/product/product.tpl on line 24
2017-07-29 6:26:06 - PHP Notice:  Undefined variable: thumb in /home/nmeximco/public_html/preview/mystorestone/catalog/view/theme/mystonestore/template/product/product.tpl on line 24
2017-07-29 6:26:41 - PHP Notice:  Undefined variable: thumb in /home/nmeximco/public_html/preview/mystorestone/catalog/view/theme/mystonestore/template/product/product.tpl on line 24
2017-07-29 6:29:09 - PHP Notice:  Undefined variable: thumb in /home/nmeximco/public_html/preview/mystorestone/catalog/view/theme/mystonestore/template/product/product.tpl on line 24
2017-07-29 6:30:05 - PHP Notice:  Undefined variable: thumb in /home/nmeximco/public_html/preview/mystorestone/catalog/view/theme/mystonestore/template/product/product.tpl on line 24
2017-07-29 6:31:51 - PHP Notice:  Undefined variable: thumb in /home/nmeximco/public_html/preview/mystorestone/catalog/view/theme/mystonestore/template/product/product.tpl on line 24
2017-07-29 6:33:08 - PHP Notice:  Undefined variable: thumb in /home/nmeximco/public_html/preview/mystorestone/catalog/view/theme/mystonestore/template/product/product.tpl on line 24
2017-07-31 5:44:13 - PHP Notice:  Undefined variable: class in /home/nmeximco/public_html/preview/mystorestone/catalog/view/theme/mystonestore/template/product/category.tpl on line 4
2017-07-31 5:44:32 - PHP Notice:  Undefined variable: class in /home/nmeximco/public_html/preview/mystorestone/catalog/view/theme/mystonestore/template/product/category.tpl on line 4
2017-07-31 5:44:51 - PHP Notice:  Undefined variable: thumb in /home/nmeximco/public_html/preview/mystorestone/catalog/view/theme/mystonestore/template/product/product.tpl on line 24
2017-07-31 7:00:59 - PHP Notice:  Undefined variable: class in /home/nmeximco/public_html/preview/mystorestone/catalog/view/theme/mystonestore/template/product/category.tpl on line 4
2017-07-31 7:31:27 - PHP Notice:  Undefined variable: class in /home/nmeximco/public_html/preview/mystorestone/catalog/view/theme/mystonestore/template/product/category.tpl on line 4
2017-07-31 13:50:39 - PHP Notice:  Undefined variable: class in /home/nmeximco/public_html/preview/mystorestone/catalog/view/theme/mystonestore/template/product/category.tpl on line 4
2017-07-31 14:00:17 - PHP Notice:  Undefined variable: class in /home/nmeximco/public_html/preview/mystorestone/catalog/view/theme/mystonestore/template/product/category.tpl on line 4
2017-07-31 14:03:55 - PHP Notice:  Undefined variable: class in /home/nmeximco/public_html/preview/mystorestone/catalog/view/theme/mystonestore/template/product/category.tpl on line 4
2017-07-31 14:04:09 - PHP Notice:  Undefined variable: class in /home/nmeximco/public_html/preview/mystorestone/catalog/view/theme/mystonestore/template/product/category.tpl on line 4
2017-07-31 14:04:19 - PHP Notice:  Undefined variable: class in /home/nmeximco/public_html/preview/mystorestone/catalog/view/theme/mystonestore/template/product/category.tpl on line 4
2017-07-31 14:04:35 - PHP Notice:  Undefined variable: class in /home/nmeximco/public_html/preview/mystorestone/catalog/view/theme/mystonestore/template/product/category.tpl on line 4
2017-07-31 14:08:26 - PHP Notice:  Undefined variable: class in /home/nmeximco/public_html/preview/mystorestone/catalog/view/theme/mystonestore/template/product/category.tpl on line 4
2017-08-01 4:29:02 - PHP Notice:  Undefined variable: class in /home/nmeximco/public_html/preview/mystorestone/catalog/view/theme/mystonestore/template/product/category.tpl on line 4
2017-08-01 4:29:44 - PHP Notice:  Undefined variable: class in /home/nmeximco/public_html/preview/mystorestone/catalog/view/theme/mystonestore/template/product/category.tpl on line 4
2017-08-01 4:29:58 - PHP Notice:  Undefined variable: class in /home/nmeximco/public_html/preview/mystorestone/catalog/view/theme/mystonestore/template/product/category.tpl on line 4
2017-08-01 4:31:42 - PHP Notice:  Undefined variable: class in /home/nmeximco/public_html/preview/mystorestone/catalog/view/theme/mystonestore/template/product/category.tpl on line 4
2017-08-01 4:37:21 - PHP Notice:  Undefined variable: class in /home/nmeximco/public_html/preview/mystorestone/catalog/view/theme/mystonestore/template/product/category.tpl on line 4
2017-08-01 4:55:32 - PHP Notice:  Undefined variable: class in /home/nmeximco/public_html/preview/mystorestone/catalog/view/theme/mystonestore/template/product/category.tpl on line 4
2017-08-01 4:57:12 - PHP Notice:  Undefined variable: class in /home/nmeximco/public_html/preview/mystorestone/catalog/view/theme/mystonestore/template/product/category.tpl on line 4
2017-08-01 5:00:33 - PHP Notice:  Undefined variable: class in /home/nmeximco/public_html/preview/mystorestone/catalog/view/theme/mystonestore/template/product/category.tpl on line 4
2017-08-01 5:01:09 - PHP Notice:  Undefined variable: class in /home/nmeximco/public_html/preview/mystorestone/catalog/view/theme/mystonestore/template/product/category.tpl on line 4
2017-08-01 5:02:29 - PHP Notice:  Undefined variable: class in /home/nmeximco/public_html/preview/mystorestone/catalog/view/theme/mystonestore/template/product/category.tpl on line 4
2017-08-01 5:08:29 - PHP Notice:  Undefined variable: class in /home/nmeximco/public_html/preview/mystorestone/catalog/view/theme/mystonestore/template/product/category.tpl on line 4
2017-08-01 5:08:36 - PHP Notice:  Undefined variable: class in /home/nmeximco/public_html/preview/mystorestone/catalog/view/theme/mystonestore/template/product/category.tpl on line 4
2017-08-01 5:10:53 - PHP Notice:  Undefined variable: class in /home/nmeximco/public_html/preview/mystorestone/catalog/view/theme/mystonestore/template/product/category.tpl on line 4
2017-08-01 5:14:53 - PHP Notice:  Undefined variable: class in /home/nmeximco/public_html/preview/mystorestone/catalog/view/theme/mystonestore/template/product/category.tpl on line 4
2017-08-01 5:16:49 - PHP Notice:  Undefined variable: class in /home/nmeximco/public_html/preview/mystorestone/catalog/view/theme/mystonestore/template/product/category.tpl on line 4
2017-08-01 5:18:20 - PHP Notice:  Undefined variable: class in /home/nmeximco/public_html/preview/mystorestone/catalog/view/theme/mystonestore/template/product/category.tpl on line 4
2017-08-01 5:19:51 - PHP Notice:  Undefined variable: class in /home/nmeximco/public_html/preview/mystorestone/catalog/view/theme/mystonestore/template/product/category.tpl on line 4
2017-08-01 5:21:20 - PHP Notice:  Undefined variable: class in /home/nmeximco/public_html/preview/mystorestone/catalog/view/theme/mystonestore/template/product/category.tpl on line 4
2017-08-01 5:23:53 - PHP Notice:  Undefined variable: class in /home/nmeximco/public_html/preview/mystorestone/catalog/view/theme/mystonestore/template/product/category.tpl on line 4
2017-08-01 5:24:17 - PHP Notice:  Undefined variable: class in /home/nmeximco/public_html/preview/mystorestone/catalog/view/theme/mystonestore/template/product/category.tpl on line 4
2017-08-01 5:24:25 - PHP Notice:  Undefined variable: class in /home/nmeximco/public_html/preview/mystorestone/catalog/view/theme/mystonestore/template/product/category.tpl on line 4
2017-08-01 5:24:34 - PHP Notice:  Undefined variable: class in /home/nmeximco/public_html/preview/mystorestone/catalog/view/theme/mystonestore/template/product/category.tpl on line 4
2017-08-01 5:26:34 - PHP Notice:  Undefined variable: class in /home/nmeximco/public_html/preview/mystorestone/catalog/view/theme/mystonestore/template/product/category.tpl on line 4
2017-08-01 5:27:11 - PHP Notice:  Undefined variable: class in /home/nmeximco/public_html/preview/mystorestone/catalog/view/theme/mystonestore/template/product/category.tpl on line 4
2017-08-01 5:56:15 - PHP Notice:  Undefined variable: class in /home/nmeximco/public_html/preview/mystorestone/catalog/view/theme/mystonestore/template/product/category.tpl on line 4
2017-08-01 5:56:52 - PHP Notice:  Undefined variable: class in /home/nmeximco/public_html/preview/mystorestone/catalog/view/theme/mystonestore/template/product/category.tpl on line 4
2017-08-01 6:10:30 - PHP Notice:  Undefined variable: class in /home/nmeximco/public_html/preview/mystorestone/catalog/view/theme/mystonestore/template/product/category.tpl on line 4
2017-08-01 6:11:17 - PHP Notice:  Undefined variable: class in /home/nmeximco/public_html/preview/mystorestone/catalog/view/theme/mystonestore/template/product/category.tpl on line 4
2017-08-01 6:13:02 - PHP Notice:  Undefined variable: class in /home/nmeximco/public_html/preview/mystorestone/catalog/view/theme/mystonestore/template/product/category.tpl on line 4
2017-08-01 6:13:43 - PHP Notice:  Undefined variable: class in /home/nmeximco/public_html/preview/mystorestone/catalog/view/theme/mystonestore/template/product/category.tpl on line 4
2017-08-01 6:15:19 - PHP Notice:  Undefined variable: class in /home/nmeximco/public_html/preview/mystorestone/catalog/view/theme/mystonestore/template/product/category.tpl on line 4
2017-08-01 6:16:01 - PHP Notice:  Undefined index: name in /home/nmeximco/public_html/preview/mystorestone/catalog/view/theme/mystonestore/template/extension/module/filter.tpl on line 1
2017-08-01 6:16:01 - PHP Notice:  Undefined index: name in /home/nmeximco/public_html/preview/mystorestone/catalog/view/theme/mystonestore/template/extension/module/filter.tpl on line 1
2017-08-01 6:16:01 - PHP Notice:  Undefined index: name in /home/nmeximco/public_html/preview/mystorestone/catalog/view/theme/mystonestore/template/extension/module/filter.tpl on line 1
2017-08-01 6:16:01 - PHP Notice:  Undefined index: name in /home/nmeximco/public_html/preview/mystorestone/catalog/view/theme/mystonestore/template/extension/module/filter.tpl on line 1
2017-08-01 6:16:01 - PHP Notice:  Undefined index: name in /home/nmeximco/public_html/preview/mystorestone/catalog/view/theme/mystonestore/template/extension/module/filter.tpl on line 1
2017-08-01 6:16:01 - PHP Notice:  Undefined index: name in /home/nmeximco/public_html/preview/mystorestone/catalog/view/theme/mystonestore/template/extension/module/filter.tpl on line 1
2017-08-01 6:16:01 - PHP Notice:  Undefined index: name in /home/nmeximco/public_html/preview/mystorestone/catalog/view/theme/mystonestore/template/extension/module/filter.tpl on line 1
2017-08-01 6:16:01 - PHP Notice:  Undefined index: name in /home/nmeximco/public_html/preview/mystorestone/catalog/view/theme/mystonestore/template/extension/module/filter.tpl on line 1
2017-08-01 6:16:01 - PHP Notice:  Undefined index: name in /home/nmeximco/public_html/preview/mystorestone/catalog/view/theme/mystonestore/template/extension/module/filter.tpl on line 1
2017-08-01 6:16:01 - PHP Notice:  Undefined index: name in /home/nmeximco/public_html/preview/mystorestone/catalog/view/theme/mystonestore/template/extension/module/filter.tpl on line 1
2017-08-01 6:16:01 - PHP Notice:  Undefined index: name in /home/nmeximco/public_html/preview/mystorestone/catalog/view/theme/mystonestore/template/extension/module/filter.tpl on line 1
2017-08-01 6:16:01 - PHP Notice:  Undefined variable: class in /home/nmeximco/public_html/preview/mystorestone/catalog/view/theme/mystonestore/template/product/category.tpl on line 4
2017-08-01 6:16:14 - PHP Notice:  Undefined index: name in /home/nmeximco/public_html/preview/mystorestone/catalog/view/theme/mystonestore/template/extension/module/filter.tpl on line 1
2017-08-01 6:16:14 - PHP Notice:  Undefined index: name in /home/nmeximco/public_html/preview/mystorestone/catalog/view/theme/mystonestore/template/extension/module/filter.tpl on line 1
2017-08-01 6:16:14 - PHP Notice:  Undefined index: name in /home/nmeximco/public_html/preview/mystorestone/catalog/view/theme/mystonestore/template/extension/module/filter.tpl on line 1
2017-08-01 6:16:14 - PHP Notice:  Undefined index: name in /home/nmeximco/public_html/preview/mystorestone/catalog/view/theme/mystonestore/template/extension/module/filter.tpl on line 1
2017-08-01 6:16:14 - PHP Notice:  Undefined index: name in /home/nmeximco/public_html/preview/mystorestone/catalog/view/theme/mystonestore/template/extension/module/filter.tpl on line 1
2017-08-01 6:16:14 - PHP Notice:  Undefined index: name in /home/nmeximco/public_html/preview/mystorestone/catalog/view/theme/mystonestore/template/extension/module/filter.tpl on line 1
2017-08-01 6:16:14 - PHP Notice:  Undefined index: name in /home/nmeximco/public_html/preview/mystorestone/catalog/view/theme/mystonestore/template/extension/module/filter.tpl on line 1
2017-08-01 6:16:14 - PHP Notice:  Undefined index: name in /home/nmeximco/public_html/preview/mystorestone/catalog/view/theme/mystonestore/template/extension/module/filter.tpl on line 1
2017-08-01 6:16:14 - PHP Notice:  Undefined index: name in /home/nmeximco/public_html/preview/mystorestone/catalog/view/theme/mystonestore/template/extension/module/filter.tpl on line 1
2017-08-01 6:16:14 - PHP Notice:  Undefined index: name in /home/nmeximco/public_html/preview/mystorestone/catalog/view/theme/mystonestore/template/extension/module/filter.tpl on line 1
2017-08-01 6:16:14 - PHP Notice:  Undefined index: name in /home/nmeximco/public_html/preview/mystorestone/catalog/view/theme/mystonestore/template/extension/module/filter.tpl on line 1
2017-08-01 6:16:14 - PHP Notice:  Undefined variable: class in /home/nmeximco/public_html/preview/mystorestone/catalog/view/theme/mystonestore/template/product/category.tpl on line 4
2017-08-01 6:16:42 - PHP Notice:  Undefined variable: class in /home/nmeximco/public_html/preview/mystorestone/catalog/view/theme/mystonestore/template/product/category.tpl on line 4
2017-08-01 6:17:17 - PHP Notice:  Undefined variable: class in /home/nmeximco/public_html/preview/mystorestone/catalog/view/theme/mystonestore/template/product/category.tpl on line 4
2017-08-01 6:18:46 - PHP Notice:  Undefined variable: class in /home/nmeximco/public_html/preview/mystorestone/catalog/view/theme/mystonestore/template/product/category.tpl on line 4
2017-08-01 6:19:35 - PHP Notice:  Undefined variable: class in /home/nmeximco/public_html/preview/mystorestone/catalog/view/theme/mystonestore/template/product/category.tpl on line 4
2017-08-01 6:19:56 - PHP Notice:  Undefined variable: class in /home/nmeximco/public_html/preview/mystorestone/catalog/view/theme/mystonestore/template/product/category.tpl on line 4
2017-08-01 6:20:26 - PHP Notice:  Undefined variable: class in /home/nmeximco/public_html/preview/mystorestone/catalog/view/theme/mystonestore/template/product/category.tpl on line 4
2017-08-01 6:24:52 - PHP Notice:  Undefined variable: class in /home/nmeximco/public_html/preview/mystorestone/catalog/view/theme/mystonestore/template/product/category.tpl on line 4
2017-08-01 6:25:21 - PHP Notice:  Undefined variable: class in /home/nmeximco/public_html/preview/mystorestone/catalog/view/theme/mystonestore/template/product/category.tpl on line 4
2017-08-01 6:26:02 - PHP Notice:  Undefined variable: class in /home/nmeximco/public_html/preview/mystorestone/catalog/view/theme/mystonestore/template/product/category.tpl on line 4
2017-08-01 6:26:05 - PHP Notice:  Undefined variable: class in /home/nmeximco/public_html/preview/mystorestone/catalog/view/theme/mystonestore/template/product/category.tpl on line 4
2017-08-01 6:26:35 - PHP Notice:  Undefined variable: class in /home/nmeximco/public_html/preview/mystorestone/catalog/view/theme/mystonestore/template/product/category.tpl on line 4
2017-08-01 6:26:51 - PHP Notice:  Undefined variable: class in /home/nmeximco/public_html/preview/mystorestone/catalog/view/theme/mystonestore/template/product/category.tpl on line 4
2017-08-01 6:29:58 - PHP Notice:  Undefined variable: class in /home/nmeximco/public_html/preview/mystorestone/catalog/view/theme/mystonestore/template/product/category.tpl on line 4
2017-08-01 6:42:06 - PHP Notice:  Undefined variable: class in /home/nmeximco/public_html/preview/mystorestone/catalog/view/theme/mystonestore/template/product/category.tpl on line 4
2017-08-01 6:43:54 - PHP Notice:  Undefined variable: class in /home/nmeximco/public_html/preview/mystorestone/catalog/view/theme/mystonestore/template/product/category.tpl on line 4
2017-08-01 6:45:14 - PHP Notice:  Undefined variable: class in /home/nmeximco/public_html/preview/mystorestone/catalog/view/theme/mystonestore/template/product/category.tpl on line 4
2017-08-01 6:46:43 - PHP Notice:  Undefined variable: class in /home/nmeximco/public_html/preview/mystorestone/catalog/view/theme/mystonestore/template/product/category.tpl on line 4
2017-08-01 6:47:10 - PHP Notice:  Undefined variable: class in /home/nmeximco/public_html/preview/mystorestone/catalog/view/theme/mystonestore/template/product/category.tpl on line 4
2017-08-01 6:48:16 - PHP Notice:  Undefined variable: class in /home/nmeximco/public_html/preview/mystorestone/catalog/view/theme/mystonestore/template/product/category.tpl on line 4
2017-08-01 6:49:22 - PHP Notice:  Undefined variable: class in /home/nmeximco/public_html/preview/mystorestone/catalog/view/theme/mystonestore/template/product/category.tpl on line 4
2017-08-01 6:49:24 - PHP Notice:  Undefined variable: class in /home/nmeximco/public_html/preview/mystorestone/catalog/view/theme/mystonestore/template/product/category.tpl on line 4
2017-08-01 6:54:18 - PHP Notice:  Undefined variable: class in /home/nmeximco/public_html/preview/mystorestone/catalog/view/theme/mystonestore/template/product/category.tpl on line 4
2017-08-01 6:55:15 - PHP Notice:  Undefined variable: class in /home/nmeximco/public_html/preview/mystorestone/catalog/view/theme/mystonestore/template/product/category.tpl on line 4
2017-08-01 6:56:00 - PHP Notice:  Undefined variable: class in /home/nmeximco/public_html/preview/mystorestone/catalog/view/theme/mystonestore/template/product/category.tpl on line 4
2017-08-01 6:56:51 - PHP Notice:  Undefined variable: class in /home/nmeximco/public_html/preview/mystorestone/catalog/view/theme/mystonestore/template/product/category.tpl on line 4
2017-08-01 6:57:48 - PHP Notice:  Undefined variable: class in /home/nmeximco/public_html/preview/mystorestone/catalog/view/theme/mystonestore/template/product/category.tpl on line 4
2017-08-01 6:58:19 - PHP Notice:  Undefined variable: class in /home/nmeximco/public_html/preview/mystorestone/catalog/view/theme/mystonestore/template/product/category.tpl on line 4
2017-08-01 7:00:11 - PHP Notice:  Undefined variable: class in /home/nmeximco/public_html/preview/mystorestone/catalog/view/theme/mystonestore/template/product/category.tpl on line 4
2017-08-01 7:01:34 - PHP Notice:  Undefined variable: class in /home/nmeximco/public_html/preview/mystorestone/catalog/view/theme/mystonestore/template/product/category.tpl on line 4
2017-08-01 7:01:50 - PHP Notice:  Undefined variable: class in /home/nmeximco/public_html/preview/mystorestone/catalog/view/theme/mystonestore/template/product/category.tpl on line 4
2017-08-01 7:02:16 - PHP Notice:  Undefined variable: class in /home/nmeximco/public_html/preview/mystorestone/catalog/view/theme/mystonestore/template/product/category.tpl on line 4
2017-08-01 7:08:26 - PHP Notice:  Undefined variable: class in /home/nmeximco/public_html/preview/mystorestone/catalog/view/theme/mystonestore/template/product/category.tpl on line 4
2017-08-01 12:49:06 - PHP Notice:  Undefined variable: class in /home/nmeximco/public_html/preview/mystorestone/catalog/view/theme/mystonestore/template/product/category.tpl on line 4
2017-08-01 12:49:17 - PHP Notice:  Undefined variable: class in /home/nmeximco/public_html/preview/mystorestone/catalog/view/theme/mystonestore/template/product/category.tpl on line 4
2017-08-01 12:49:20 - PHP Notice:  Undefined variable: class in /home/nmeximco/public_html/preview/mystorestone/catalog/view/theme/mystonestore/template/product/category.tpl on line 4
2017-08-01 17:40:58 - PHP Notice:  Undefined variable: class in /home/nmeximco/public_html/preview/mystorestone/catalog/view/theme/mystonestore/template/product/category.tpl on line 4
2017-08-01 17:43:18 - PHP Notice:  Undefined variable: class in /home/nmeximco/public_html/preview/mystorestone/catalog/view/theme/mystonestore/template/product/category.tpl on line 4
2017-08-02 5:01:07 - PHP Notice:  Undefined variable: class in /home/nmeximco/public_html/preview/mystorestone/catalog/view/theme/mystonestore/template/product/category.tpl on line 4
2017-08-02 5:01:39 - PHP Notice:  Undefined variable: class in /home/nmeximco/public_html/preview/mystorestone/catalog/view/theme/mystonestore/template/product/category.tpl on line 4
2017-08-02 5:59:04 - PHP Notice:  Undefined variable: class in /home/nmeximco/public_html/preview/mystorestone/catalog/view/theme/mystonestore/template/product/category.tpl on line 4
2017-08-02 7:44:30 - PHP Notice:  Undefined variable: class in /home/nmeximco/public_html/preview/mystorestone/catalog/view/theme/mystonestore/template/product/category.tpl on line 4
2017-08-02 7:58:40 - PHP Notice:  Undefined variable: class in /home/nmeximco/public_html/preview/mystorestone/catalog/view/theme/mystonestore/template/product/category.tpl on line 4
2017-08-02 8:08:25 - PHP Notice:  Undefined variable: class in /home/nmeximco/public_html/preview/mystorestone/catalog/view/theme/mystonestore/template/product/category.tpl on line 4
2017-08-02 8:09:20 - PHP Notice:  Undefined variable: class in /home/nmeximco/public_html/preview/mystorestone/catalog/view/theme/mystonestore/template/product/category.tpl on line 4
2017-08-02 8:11:00 - PHP Notice:  Undefined variable: class in /home/nmeximco/public_html/preview/mystorestone/catalog/view/theme/mystonestore/template/product/category.tpl on line 4
2017-08-02 8:14:35 - PHP Notice:  Undefined variable: class in /home/nmeximco/public_html/preview/mystorestone/catalog/view/theme/mystonestore/template/product/category.tpl on line 4
2017-08-02 8:14:59 - PHP Notice:  Undefined variable: class in /home/nmeximco/public_html/preview/mystorestone/catalog/view/theme/mystonestore/template/product/category.tpl on line 4
2017-08-02 8:16:31 - PHP Notice:  Undefined variable: class in /home/nmeximco/public_html/preview/mystorestone/catalog/view/theme/mystonestore/template/product/category.tpl on line 4
2017-08-02 8:17:07 - PHP Notice:  Undefined variable: class in /home/nmeximco/public_html/preview/mystorestone/catalog/view/theme/mystonestore/template/product/category.tpl on line 4
2017-08-02 8:20:11 - PHP Notice:  Undefined variable: class in /home/nmeximco/public_html/preview/mystorestone/catalog/view/theme/mystonestore/template/product/category.tpl on line 4
2017-08-02 8:21:03 - PHP Notice:  Undefined variable: class in /home/nmeximco/public_html/preview/mystorestone/catalog/view/theme/mystonestore/template/product/category.tpl on line 4
2017-08-02 8:21:26 - PHP Notice:  Undefined variable: class in /home/nmeximco/public_html/preview/mystorestone/catalog/view/theme/mystonestore/template/product/category.tpl on line 4
2017-08-02 8:23:08 - PHP Notice:  Undefined variable: class in /home/nmeximco/public_html/preview/mystorestone/catalog/view/theme/mystonestore/template/product/category.tpl on line 4
2017-08-02 8:35:42 - PHP Notice:  Undefined variable: class in /home/nmeximco/public_html/preview/mystorestone/catalog/view/theme/mystonestore/template/product/category.tpl on line 4
2017-08-02 8:39:16 - PHP Notice:  Undefined variable: class in /home/nmeximco/public_html/preview/mystorestone/catalog/view/theme/mystonestore/template/product/category.tpl on line 4
2017-08-02 8:39:50 - PHP Notice:  Undefined variable: class in /home/nmeximco/public_html/preview/mystorestone/catalog/view/theme/mystonestore/template/product/category.tpl on line 4
2017-08-02 8:42:36 - PHP Notice:  Undefined variable: class in /home/nmeximco/public_html/preview/mystorestone/catalog/view/theme/mystonestore/template/product/category.tpl on line 4
2017-08-02 8:43:24 - PHP Notice:  Undefined variable: class in /home/nmeximco/public_html/preview/mystorestone/catalog/view/theme/mystonestore/template/product/category.tpl on line 4
2017-08-02 8:46:16 - PHP Notice:  Undefined variable: class in /home/nmeximco/public_html/preview/mystorestone/catalog/view/theme/mystonestore/template/product/category.tpl on line 4
2017-08-02 11:34:46 - PHP Notice:  Undefined variable: class in /home/nmeximco/public_html/preview/mystorestone/catalog/view/theme/mystonestore/template/product/category.tpl on line 4
2017-08-02 12:32:26 - PHP Notice:  Undefined variable: class in /home/nmeximco/public_html/preview/mystorestone/catalog/view/theme/mystonestore/template/product/category.tpl on line 4
2017-08-03 4:46:47 - PHP Notice:  Undefined variable: class in /home/nmeximco/public_html/preview/mystorestone/catalog/view/theme/mystonestore/template/product/category.tpl on line 4
2017-08-03 4:47:27 - PHP Notice:  Undefined variable: class in /home/nmeximco/public_html/preview/mystorestone/catalog/view/theme/mystonestore/template/product/category.tpl on line 4
2017-08-03 4:49:25 - PHP Notice:  Undefined variable: class in /home/nmeximco/public_html/preview/mystorestone/catalog/view/theme/mystonestore/template/product/category.tpl on line 4
2017-08-03 4:49:35 - PHP Notice:  Undefined variable: class in /home/nmeximco/public_html/preview/mystorestone/catalog/view/theme/mystonestore/template/product/category.tpl on line 4
2017-08-03 5:07:30 - PHP Notice:  Undefined variable: class in /home/nmeximco/public_html/preview/mystorestone/catalog/view/theme/mystonestore/template/product/category.tpl on line 4
2017-08-03 5:07:51 - PHP Notice:  Undefined variable: class in /home/nmeximco/public_html/preview/mystorestone/catalog/view/theme/mystonestore/template/product/category.tpl on line 4
2017-08-03 5:11:33 - PHP Notice:  Undefined variable: class in /home/nmeximco/public_html/preview/mystorestone/catalog/view/theme/mystonestore/template/product/category.tpl on line 4
2017-08-03 5:12:36 - PHP Notice:  Undefined variable: class in /home/nmeximco/public_html/preview/mystorestone/catalog/view/theme/mystonestore/template/product/category.tpl on line 4
2017-08-03 5:16:23 - PHP Notice:  Undefined variable: class in /home/nmeximco/public_html/preview/mystorestone/catalog/view/theme/mystonestore/template/product/category.tpl on line 4
2017-08-03 5:17:41 - PHP Notice:  Undefined variable: class in /home/nmeximco/public_html/preview/mystorestone/catalog/view/theme/mystonestore/template/product/category.tpl on line 4
2017-08-03 5:30:12 - PHP Notice:  Undefined variable: class in /home/nmeximco/public_html/preview/mystorestone/catalog/view/theme/mystonestore/template/product/category.tpl on line 4
2017-08-03 5:43:10 - PHP Notice:  Undefined variable: class in /home/nmeximco/public_html/preview/mystorestone/catalog/view/theme/mystonestore/template/product/category.tpl on line 4
2017-08-03 5:43:27 - PHP Notice:  Undefined variable: class in /home/nmeximco/public_html/preview/mystorestone/catalog/view/theme/mystonestore/template/product/category.tpl on line 4
2017-08-03 5:43:53 - PHP Notice:  Undefined variable: class in /home/nmeximco/public_html/preview/mystorestone/catalog/view/theme/mystonestore/template/product/category.tpl on line 4
2017-08-03 7:15:01 - PHP Notice:  Undefined variable: class in /home/nmeximco/public_html/preview/mystorestone/catalog/view/theme/mystonestore/template/product/category.tpl on line 4
2017-08-03 7:54:53 - PHP Notice:  Undefined variable: class in /home/nmeximco/public_html/preview/mystorestone/catalog/view/theme/mystonestore/template/product/category.tpl on line 4
2017-08-03 7:55:26 - PHP Notice:  Undefined variable: class in /home/nmeximco/public_html/preview/mystorestone/catalog/view/theme/mystonestore/template/product/category.tpl on line 4
2017-08-04 4:04:07 - PHP Notice:  Undefined variable: class in /home/nmeximco/public_html/preview/mystorestone/catalog/view/theme/mystonestore/template/product/category.tpl on line 4
2017-08-04 4:06:11 - PHP Notice:  Undefined variable: class in /home/nmeximco/public_html/preview/mystorestone/catalog/view/theme/mystonestore/template/product/category.tpl on line 4
2017-08-04 4:06:18 - PHP Notice:  Undefined variable: class in /home/nmeximco/public_html/preview/mystorestone/catalog/view/theme/mystonestore/template/product/category.tpl on line 4
2017-08-04 4:06:30 - PHP Notice:  Undefined variable: class in /home/nmeximco/public_html/preview/mystorestone/catalog/view/theme/mystonestore/template/product/category.tpl on line 4
2017-08-04 4:08:17 - PHP Notice:  Undefined variable: class in /home/nmeximco/public_html/preview/mystorestone/catalog/view/theme/mystonestore/template/product/category.tpl on line 4
2017-08-04 4:40:39 - PHP Notice:  Undefined variable: class in /home/nmeximco/public_html/preview/mystorestone/catalog/view/theme/mystonestore/template/product/category.tpl on line 4
2017-08-04 6:09:28 - PHP Notice:  Undefined variable: class in /home/nmeximco/public_html/preview/mystorestone/catalog/view/theme/mystonestore/template/product/category.tpl on line 4
2017-08-05 5:35:37 - PHP Notice:  Undefined variable: class in /home/nmeximco/public_html/preview/mystorestone/catalog/view/theme/mystonestore/template/product/category.tpl on line 4
2017-08-05 9:55:03 - PHP Notice:  Undefined variable: class in /home/nmeximco/public_html/preview/mystorestone/catalog/view/theme/mystonestore/template/product/category.tpl on line 4
2017-08-05 10:50:16 - PHP Notice:  Undefined variable: class in /home/nmeximco/public_html/preview/mystorestone/catalog/view/theme/mystonestore/template/product/category.tpl on line 4
2017-08-05 10:50:20 - PHP Notice:  Undefined variable: class in /home/nmeximco/public_html/preview/mystorestone/catalog/view/theme/mystonestore/template/product/category.tpl on line 4
2017-08-05 10:50:28 - PHP Notice:  Undefined variable: class in /home/nmeximco/public_html/preview/mystorestone/catalog/view/theme/mystonestore/template/product/category.tpl on line 4
2017-08-05 10:55:37 - PHP Notice:  Undefined variable: class in /home/nmeximco/public_html/preview/mystorestone/catalog/view/theme/mystonestore/template/product/category.tpl on line 4
2017-08-05 10:58:36 - PHP Notice:  Undefined variable: class in /home/nmeximco/public_html/preview/mystorestone/catalog/view/theme/mystonestore/template/product/category.tpl on line 4
2017-08-05 11:09:47 - PHP Notice:  Undefined variable: class in /home/nmeximco/public_html/preview/mystorestone/catalog/view/theme/mystonestore/template/product/category.tpl on line 4
2017-08-05 11:14:33 - PHP Notice:  Undefined variable: class in /home/nmeximco/public_html/preview/mystorestone/catalog/view/theme/mystonestore/template/product/category.tpl on line 4
2017-08-05 11:27:25 - PHP Notice:  Undefined variable: class in /home/nmeximco/public_html/preview/mystorestone/catalog/view/theme/mystonestore/template/product/category.tpl on line 4
2017-08-05 11:28:52 - PHP Notice:  Undefined variable: class in /home/nmeximco/public_html/preview/mystorestone/catalog/view/theme/mystonestore/template/product/category.tpl on line 4
2017-08-05 11:29:11 - PHP Notice:  Undefined variable: class in /home/nmeximco/public_html/preview/mystorestone/catalog/view/theme/mystonestore/template/product/category.tpl on line 4
2017-08-05 11:30:21 - PHP Notice:  Undefined variable: class in /home/nmeximco/public_html/preview/mystorestone/catalog/view/theme/mystonestore/template/product/category.tpl on line 4
2017-08-05 11:31:03 - PHP Notice:  Undefined variable: class in /home/nmeximco/public_html/preview/mystorestone/catalog/view/theme/mystonestore/template/product/category.tpl on line 4
2017-08-05 11:31:52 - PHP Notice:  Undefined variable: class in /home/nmeximco/public_html/preview/mystorestone/catalog/view/theme/mystonestore/template/product/category.tpl on line 4
2017-08-05 11:33:14 - PHP Notice:  Undefined variable: class in /home/nmeximco/public_html/preview/mystorestone/catalog/view/theme/mystonestore/template/product/category.tpl on line 4
2017-08-05 13:05:32 - PHP Notice:  Undefined variable: class in /home/nmeximco/public_html/preview/mystorestone/catalog/view/theme/mystonestore/template/product/category.tpl on line 4
2017-08-06 2:38:11 - PHP Notice:  Undefined variable: class in /home/nmeximco/public_html/preview/mystorestone/catalog/view/theme/mystonestore/template/product/category.tpl on line 4
2017-08-06 2:57:23 - PHP Notice:  Undefined variable: class in /home/nmeximco/public_html/preview/mystorestone/catalog/view/theme/mystonestore/template/product/category.tpl on line 4
2017-08-06 2:59:03 - PHP Notice:  Undefined variable: class in /home/nmeximco/public_html/preview/mystorestone/catalog/view/theme/mystonestore/template/product/category.tpl on line 4
2017-08-06 2:59:21 - PHP Notice:  Undefined variable: class in /home/nmeximco/public_html/preview/mystorestone/catalog/view/theme/mystonestore/template/product/category.tpl on line 4
2017-08-06 6:50:52 - PHP Notice:  Undefined variable: class in /home/nmeximco/public_html/preview/mystorestone/catalog/view/theme/mystonestore/template/product/category.tpl on line 4
2017-08-08 11:30:08 - PHP Notice:  Undefined variable: class in /home/nmeximco/public_html/preview/mystorestone/catalog/view/theme/mystonestore/template/product/category.tpl on line 4
